[debug] [2023-04-17T01:16:53.089Z] ----------------------------------------------------------------------
[debug] [2023-04-17T01:16:53.091Z] Command:       /home/darven/.nvm/versions/node/v18.9.1/bin/node /home/darven/.npm-global/bin/firebase init hosting
[debug] [2023-04-17T01:16:53.091Z] CLI Version:   11.27.0
[debug] [2023-04-17T01:16:53.091Z] Platform:      linux
[debug] [2023-04-17T01:16:53.091Z] Node Version:  v18.9.1
[debug] [2023-04-17T01:16:53.091Z] Time:          Sun Apr 16 2023 20:16:53 GMT-0500 (Central Daylight Time)
[debug] [2023-04-17T01:16:53.091Z] ----------------------------------------------------------------------
[debug] 
[debug] [2023-04-17T01:16:53.138Z] > command requires scopes: ["email","openid","https://www.googleapis.com/auth/cloudplatformprojects.readonly","https://www.googleapis.com/auth/firebase","https://www.googleapis.com/auth/cloud-platform"]
[debug] [2023-04-17T01:16:53.139Z] > authorizing via signed-in user (darven@eightfoldcapitalgroup.com)
[info] 
     ######## #### ########  ######## ########     ###     ######  ########
     ##        ##  ##     ## ##       ##     ##  ##   ##  ##       ##
     ######    ##  ########  ######   ########  #########  ######  ######
     ##        ##  ##    ##  ##       ##     ## ##     ##       ## ##
     ##       #### ##     ## ######## ########  ##     ##  ######  ########

You're about to initialize a Firebase project in this directory:

  /home/darven/wkspace/nft-erc721-collection/minting-dapp

Before we get started, keep in mind:

  * You are initializing within an existing Firebase project directory

[info] 
=== Project Setup
[info] 
[info] First, let's associate this project directory with a Firebase project.
[info] You can create multiple project aliases by running firebase use --add, 
[info] but for now we'll just set up a default project.
[info] 
[debug] [2023-04-17T01:16:53.141Z] Using project from CLI flag: tarot-minting-dapp
[debug] [2023-04-17T01:16:53.144Z] >>> [apiv2][query] GET https://firebase.googleapis.com/v1beta1/projects/tarot-minting-dapp [none]
[debug] [2023-04-17T01:16:53.420Z] <<< [apiv2][status] GET https://firebase.googleapis.com/v1beta1/projects/tarot-minting-dapp 200
[debug] [2023-04-17T01:16:53.421Z] <<< [apiv2][body] GET https://firebase.googleapis.com/v1beta1/projects/tarot-minting-dapp {"projectId":"tarot-minting-dapp","projectNumber":"848811327323","displayName":"tarot-minting-dapp","name":"projects/tarot-minting-dapp","resources":{"hostingSite":"tarot-minting-dapp"},"state":"ACTIVE","etag":"1_724fada1-7a6d-41f1-b167-d9097b0501d4"}
[info] i  Using project tarot-minting-dapp (tarot-minting-dapp) 
[info] 
=== Hosting Setup
[info] 
[info] Your public directory is the folder (relative to your project directory) that
[info] will contain Hosting assets to be uploaded with firebase deploy. If you
[info] have a build process for your assets, use your build's output directory.
[info] 
[info] i  Skipping write of public/404.html 
[debug] [2023-04-17T01:17:11.082Z] >>> [apiv2][query] GET https://www.gstatic.com/firebasejs/releases.json [none]
[debug] [2023-04-17T01:17:11.224Z] <<< [apiv2][status] GET https://www.gstatic.com/firebasejs/releases.json 200
[debug] [2023-04-17T01:17:11.224Z] <<< [apiv2][body] GET https://www.gstatic.com/firebasejs/releases.json {"current":{"version":"9.19.1","browserURL":"https://www.gstatic.com/firebasejs/9.19.1/firebase.js","packageURL":"https://www.gstatic.com/firebasejs/9.19.1/firebase.tgz"},"live":{"version":"9.19","browserURL":"https://www.gstatic.com/firebasejs/live/9.19/firebase.js","packageURL":"https://www.gstatic.com/firebasejs/live/9.19/firebase.tgz"},"components":{"analytics":"https://www.gstatic.com/firebasejs/9.19.1/firebase-analytics.js","app":"https://www.gstatic.com/firebasejs/9.19.1/firebase-app.js","app-check":"https://www.gstatic.com/firebasejs/9.19.1/firebase-app-check.js","auth":"https://www.gstatic.com/firebasejs/9.19.1/firebase-auth.js","auth/cordova":"https://www.gstatic.com/firebasejs/9.19.1/firebase-auth/cordova.js","auth/react-native":"https://www.gstatic.com/firebasejs/9.19.1/firebase-auth/react-native.js","functions":"https://www.gstatic.com/firebasejs/9.19.1/firebase-functions.js","firestore":"https://www.gstatic.com/firebasejs/9.19.1/firebase-firestore.js","firestore/lite":"https://www.gstatic.com/firebasejs/9.19.1/firebase-firestore/lite.js","installations":"https://www.gstatic.com/firebasejs/9.19.1/firebase-installations.js","storage":"https://www.gstatic.com/firebasejs/9.19.1/firebase-storage.js","performance":"https://www.gstatic.com/firebasejs/9.19.1/firebase-performance.js","remote-config":"https://www.gstatic.com/firebasejs/9.19.1/firebase-remote-config.js","messaging":"https://www.gstatic.com/firebasejs/9.19.1/firebase-messaging.js","messaging/sw":"https://www.gstatic.com/firebasejs/9.19.1/firebase-messaging/sw.js","database":"https://www.gstatic.com/firebasejs/9.19.1/firebase-database.js","firestore.memory":"https://www.gstatic.com/firebasejs/9.19.1/firebase-firestore.memory.js"}}
[info] i  Skipping write of public/index.html 
[info] 
[info] i  Detected a .git folder at /home/darven/wkspace/nft-erc721-collection 
[info] i  Authorizing with GitHub to upload your service account to a GitHub repository's secrets store. 
[info] 
[info] Visit this URL on this device to log in:
[info] https://github.com/login/oauth/authorize?client_id=89cf50f02ac6aaed3484&state=115976029&redirect_uri=http%3A%2F%2Flocalhost%3A9005&scope=read%3Auser%20repo%20public_repo
[info] 
[info] Waiting for authentication...
[debug] [2023-04-17T01:17:24.127Z] >>> [apiv2][query] POST https://github.com/login/oauth/access_token [none]
[debug] [2023-04-17T01:17:24.127Z] >>> [apiv2][body] POST https://github.com/login/oauth/access_token [stream]
[debug] [2023-04-17T01:17:24.393Z] <<< [apiv2][status] POST https://github.com/login/oauth/access_token 200
[debug] [2023-04-17T01:17:24.393Z] <<< [apiv2][body] POST https://github.com/login/oauth/access_token {"access_token":"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","token_type":"bearer","scope":"read:user,repo"}
[debug] [2023-04-17T01:17:24.406Z] >>> [apiv2][query] GET https://api.github.com/user [none]
[debug] [2023-04-17T01:17:24.699Z] <<< [apiv2][status] GET https://api.github.com/user 200
[debug] [2023-04-17T01:17:24.700Z] <<< [apiv2][body] GET https://api.github.com/user {"login":"Darven8","id":99770089,"node_id":"U_kgDOBfJe6Q","avatar_url":"https://avatars.githubusercontent.com/u/99770089?v=4","gravatar_id":"","url":"https://api.github.com/users/Darven8","html_url":"https://github.com/Darven8","followers_url":"https://api.github.com/users/Darven8/followers","following_url":"https://api.github.com/users/Darven8/following{/other_user}","gists_url":"https://api.github.com/users/Darven8/gists{/gist_id}","starred_url":"https://api.github.com/users/Darven8/starred{/owner}{/repo}","subscriptions_url":"https://api.github.com/users/Darven8/subscriptions","organizations_url":"https://api.github.com/users/Darven8/orgs","repos_url":"https://api.github.com/users/Darven8/repos","events_url":"https://api.github.com/users/Darven8/events{/privacy}","received_events_url":"https://api.github.com/users/Darven8/received_events","type":"User","site_admin":false,"name":null,"company":null,"blog":"","location":null,"email":null,"hireable":null,"bio":null,"twitter_username":null,"public_repos":15,"public_gists":0,"followers":0,"following":0,"created_at":"2022-02-15T22:51:53Z","updated_at":"2023-04-09T18:54:24Z","private_gists":0,"total_private_repos":0,"owned_private_repos":0,"disk_usage":348626,"collaborators":0,"two_factor_authentication":false,"plan":{"name":"free","space":976562499,"collaborators":0,"private_repos":10000}}
[info] 
[info] ✔  Success! Logged into GitHub as Darven8 
[info] 
